2026-04-30 18:30:55 [INFO] ptzcam: Logging to file: C:\Users\asuka\WorkBuddy\20260429153616\ptzcam-qt6\logs\ptzcam_20260430_183055.log
2026-04-30 18:30:55 [INFO] ptzcam: Logging level: DEBUG
2026-04-30 18:30:55 [INFO] ptzcam.main: ==================================================
2026-04-30 18:30:55 [INFO] ptzcam.main: PTZ-Cam-Tools Starting...
2026-04-30 18:30:55 [INFO] ptzcam.main: Debug mode: True
2026-04-30 18:30:55 [INFO] ptzcam.main: ==================================================
2026-04-30 18:30:55 [DEBUG] ptzcam.main: DPI policy configured
2026-04-30 18:30:56 [DEBUG] ptzcam.main: QApplication created
2026-04-30 18:30:56 [DEBUG] ptzcam.main: Stylesheet applied
2026-04-30 18:30:56 [DEBUG] ptzcam.app.main_window: Window size: 960x850
2026-04-30 18:30:56 [DEBUG] ptzcam.app.tabs.usb_tab: Enumerating USB devices...
2026-04-30 18:30:56 [ERROR] ptzcam.app.tabs.usb_tab: Device error: Failed to convert device: type object 'PySide6.QtMultimedia.QCameraFormat' has no attribute 'PixelFormat'
2026-04-30 18:30:56 [ERROR] ptzcam.app.tabs.usb_tab: Device error: Failed to convert device: type object 'PySide6.QtMultimedia.QCameraFormat' has no attribute 'PixelFormat'
2026-04-30 18:30:56 [WARNING] ptzcam.app.tabs.usb_tab: No USB camera devices detected
2026-04-30 18:30:56 [DEBUG] ptzcam.app.main_window: Created 5 tabs
2026-04-30 18:30:56 [DEBUG] ptzcam.app.main_window: Created 4 preview widgets
2026-04-30 18:30:56 [DEBUG] ptzcam.app.main_window: Main window UI setup complete
2026-04-30 18:30:56 [INFO] ptzcam.main: Main window displayed
2026-04-30 18:30:56 [INFO] ptzcam.main: Entering event loop...
2026-04-30 18:31:00 [DEBUG] ptzcam.app.tabs.usb_tab: Enumerating USB devices...
2026-04-30 18:31:00 [DEBUG] ptzcam.app.main_window: Status updated: 正在检测设备...
2026-04-30 18:31:00 [ERROR] ptzcam.app.tabs.usb_tab: Device error: Failed to convert device: type object 'PySide6.QtMultimedia.QCameraFormat' has no attribute 'PixelFormat'
2026-04-30 18:31:00 [DEBUG] ptzcam.app.main_window: Status updated: 设备错误: Failed to convert device: type object 'PySide6.QtMultimedia.QCameraFormat' has no attribute 'PixelFormat'
2026-04-30 18:31:00 [ERROR] ptzcam.app.tabs.usb_tab: Device error: Failed to convert device: type object 'PySide6.QtMultimedia.QCameraFormat' has no attribute 'PixelFormat'
2026-04-30 18:31:00 [DEBUG] ptzcam.app.main_window: Status updated: 设备错误: Failed to convert device: type object 'PySide6.QtMultimedia.QCameraFormat' has no attribute 'PixelFormat'
2026-04-30 18:31:00 [DEBUG] ptzcam.app.main_window: Status updated: 未检测到 USB 摄像头
2026-04-30 18:31:00 [WARNING] ptzcam.app.tabs.usb_tab: No USB camera devices detected
2026-04-30 18:31:09 [DEBUG] ptzcam.app.main_window: Tab changed to: RTSP
2026-04-30 18:31:09 [DEBUG] ptzcam.app.main_window: Status updated: 未连接
2026-04-30 18:31:11 [DEBUG] ptzcam.app.main_window: Tab changed to: USB
2026-04-30 18:31:11 [DEBUG] ptzcam.app.main_window: Status updated: 就绪
