2026-04-30 18:47:38 [INFO] ptzcam: Logging to file: C:\Users\asuka\WorkBuddy\20260429153616\ptzcam-qt6\logs\ptzcam_20260430_184738.log
2026-04-30 18:47:38 [INFO] ptzcam: Logging level: DEBUG
2026-04-30 18:47:38 [INFO] ptzcam.main: ==================================================
2026-04-30 18:47:38 [INFO] ptzcam.main: PTZ-Cam-Tools Starting...
2026-04-30 18:47:38 [INFO] ptzcam.main: Debug mode: True
2026-04-30 18:47:38 [INFO] ptzcam.main: ==================================================
2026-04-30 18:47:38 [DEBUG] ptzcam.main: DPI policy configured
2026-04-30 18:47:38 [DEBUG] ptzcam.main: QApplication created
2026-04-30 18:47:38 [DEBUG] ptzcam.main: Stylesheet applied
2026-04-30 18:47:38 [DEBUG] ptzcam.app.main_window: Window size: 960x850
2026-04-30 18:47:38 [DEBUG] ptzcam.app.tabs.usb_tab: Enumerating USB devices...
2026-04-30 18:47:39 [DEBUG] ptzcam.app.tabs.usb_tab: Found device: Integrated Camera (\\?\usb#vid_174f&pid_246a&mi_00#8&3fd1002&0&0000#{e5323777-f976-4f5b-9b55-b94699c46e44}\global)
2026-04-30 18:47:39 [DEBUG] ptzcam.app.tabs.usb_tab: Found device: USB FHD Camera (\\?\usb#vid_27c2&pid_0530&mi_00#8&c918548&0&0000#{e5323777-f976-4f5b-9b55-b94699c46e44}\global)
2026-04-30 18:47:39 [DEBUG] ptzcam.app.tabs.usb_tab: Selected device: Integrated Camera
2026-04-30 18:47:39 [DEBUG] ptzcam.app.tabs.usb_tab: Resolution changed to: 1280 x 720
2026-04-30 18:47:39 [DEBUG] ptzcam.app.tabs.usb_tab: Device supports 8 resolutions, 1 formats
2026-04-30 18:47:39 [DEBUG] ptzcam.app.tabs.usb_tab: Selected device: Integrated Camera
2026-04-30 18:47:39 [DEBUG] ptzcam.app.tabs.usb_tab: Resolution changed to: 
2026-04-30 18:47:39 [DEBUG] ptzcam.app.tabs.usb_tab: Resolution changed to: 1280 x 720
2026-04-30 18:47:39 [DEBUG] ptzcam.app.tabs.usb_tab: Device supports 8 resolutions, 1 formats
2026-04-30 18:47:39 [INFO] ptzcam.app.tabs.usb_tab: Detected 2 USB camera(s)
2026-04-30 18:47:39 [DEBUG] ptzcam.app.main_window: Created 5 tabs
2026-04-30 18:47:39 [DEBUG] ptzcam.app.main_window: Created 4 preview widgets
2026-04-30 18:47:39 [DEBUG] ptzcam.app.main_window: Main window UI setup complete
2026-04-30 18:47:39 [INFO] ptzcam.main: Main window displayed
2026-04-30 18:47:39 [INFO] ptzcam.main: Entering event loop...
